<?xml version="1.0" encoding="UTF-8"?>
<!-- Generated by org.testng.reporters.JUnitReportReporter -->
<testsuite hostname="LAPTOP-43J3MGE8" failures="0" tests="1" name="codestudio.Amazon" time="18.999" errors="0" timestamp="2023-02-24T10:44:20 IST" skipped="0">
  <testcase classname="codestudio.Amazon" name="test" time="18.999"/>
  <system-out/>
</testsuite> <!-- codestudio.Amazon -->
