<?xml version="1.0" encoding="UTF-8"?>
<!-- Generated by org.testng.reporters.JUnitReportReporter -->
<testsuite hostname="LAPTOP-43J3MGE8" failures="0" tests="1" name="codestudio.Amazon_Broken_Link" time="29.508" errors="0" timestamp="2023-01-03T12:53:52 IST" skipped="0">
  <testcase classname="codestudio.Amazon_Broken_Link" name="test" time="29.508"/>
  <system-out/>
</testsuite> <!-- codestudio.Amazon_Broken_Link -->
