<?xml version="1.0" encoding="UTF-8"?>
<!-- Generated by org.testng.reporters.JUnitReportReporter -->
<testsuite hostname="LAPTOP-43J3MGE8" failures="0" tests="1" name="codestudio.CountRadioButton" time="30.347" errors="0" timestamp="2023-01-04T09:53:54 IST" skipped="0">
  <testcase classname="codestudio.CountRadioButton" name="radioButton" time="30.347"/>
  <system-out/>
</testsuite> <!-- codestudio.CountRadioButton -->
