<?xml version="1.0" encoding="UTF-8"?>
<!-- Generated by org.testng.reporters.JUnitReportReporter -->
<testsuite hostname="LAPTOP-43J3MGE8" failures="0" tests="4" name="myPackage.Sample" time="0.014" errors="0" timestamp="2023-02-17T18:08:44 IST" skipped="0">
  <testcase classname="myPackage.Sample" name="data" time="0.001"/>
  <system-out/>
  <testcase classname="myPackage.Sample" name="data" time="0.003"/>
  <system-out/>
  <testcase classname="myPackage.Sample" name="data" time="0.010"/>
  <system-out/>
  <testcase classname="myPackage.Sample" name="data" time="0.000"/>
  <system-out/>
</testsuite> <!-- myPackage.Sample -->
